<?xml version="1.0" encoding="UTF-8"?>
<!-- Generated by org.testng.reporters.JUnitReportReporter -->
<testsuite hostname="NGD24120" name="Integration.FunctionalRest.RestApi" tests="4" failures="0" timestamp="15 Feb 2017 08:12:24 GMT" time="1.687" errors="0">
  <testcase name="DeleteUser" time="0.219" classname="Integration.FunctionalRest.RestApi"/>
  <testcase name="CreateUser" time="1.062" classname="Integration.FunctionalRest.RestApi"/>
  <testcase name="GetUser" time="0.203" classname="Integration.FunctionalRest.RestApi"/>
  <testcase name="UpdateUser" time="0.203" classname="Integration.FunctionalRest.RestApi"/>
</testsuite> <!-- Integration.FunctionalRest.RestApi -->
