<?xml version="1.0" encoding="UTF-8"?>
<!-- Generated by org.testng.reporters.JUnitReportReporter -->
<testsuite hostname="NGD24120" name="Integration.FunctionalRest.LoginTestCase" tests="16" failures="0" timestamp="15 Feb 2017 08:10:37 GMT" time="130.752" errors="0">
  <testcase name="login" time="5.896" classname="Integration.FunctionalRest.LoginTestCase"/>
  <testcase name="media" time="17.881" classname="Integration.FunctionalRest.LoginTestCase"/>
  <testcase name="dashboard" time="5.883" classname="Integration.FunctionalRest.LoginTestCase"/>
  <testcase name="accessibility" time="5.882" classname="Integration.FunctionalRest.LoginTestCase"/>
  <testcase name="media" time="5.600" classname="Integration.FunctionalRest.LoginTestCase"/>
  <testcase name="media" time="18.051" classname="Integration.FunctionalRest.LoginTestCase"/>
  <testcase name="accessibility" time="6.554" classname="Integration.FunctionalRest.LoginTestCase"/>
  <testcase name="login" time="5.663" classname="Integration.FunctionalRest.LoginTestCase"/>
  <testcase name="accessibility" time="5.773" classname="Integration.FunctionalRest.LoginTestCase"/>
  <testcase name="dashboard" time="6.071" classname="Integration.FunctionalRest.LoginTestCase"/>
  <testcase name="login" time="5.587" classname="Integration.FunctionalRest.LoginTestCase"/>
  <testcase name="media" time="17.616" classname="Integration.FunctionalRest.LoginTestCase"/>
  <testcase name="dashboard" time="6.024" classname="Integration.FunctionalRest.LoginTestCase"/>
  <testcase name="accessibility" time="6.132" classname="Integration.FunctionalRest.LoginTestCase"/>
  <testcase name="login" time="6.069" classname="Integration.FunctionalRest.LoginTestCase"/>
  <testcase name="dashboard" time="6.070" classname="Integration.FunctionalRest.LoginTestCase"/>
</testsuite> <!-- Integration.FunctionalRest.LoginTestCase -->
