<?xml version="1.0" encoding="UTF-8"?>
<!-- Generated by org.testng.reporters.JUnitReportReporter -->
<testsuite hostname="NGD24104" name="test.java.Integration.FunctionalRest.RestApi" tests="3" failures="0" timestamp="27 Feb 2017 05:53:15 GMT" time="1.078" errors="0">
  <testcase name="DeleteUser" time="0.157" classname="test.java.Integration.FunctionalRest.RestApi"/>
  <testcase name="CreateUser" time="0.749" classname="test.java.Integration.FunctionalRest.RestApi"/>
  <testcase name="GetUser" time="0.172" classname="test.java.Integration.FunctionalRest.RestApi"/>
</testsuite> <!-- test.java.Integration.FunctionalRest.RestApi -->
